<?xml version="1.0" encoding="UTF-8"?>
<!-- Generated by org.testng.reporters.JUnitReportReporter -->
<testsuite hostname="newt-1765" name="test.ElectronicsComparisonTest" tests="3" failures="0" timestamp="10 May 2016 17:31:54 GMT" time="978.745" errors="0">
  <testcase name="selectSuitableDevices" time="271.976" classname="test.ElectronicsComparisonTest"/>
  <testcase name="selectSuitableDevices" time="423.626" classname="test.ElectronicsComparisonTest"/>
  <testcase name="selectSuitableDevices" time="283.143" classname="test.ElectronicsComparisonTest"/>
</testsuite> <!-- test.ElectronicsComparisonTest -->
