<?xml version="1.0" encoding="UTF-8"?>
<!-- Generated by org.testng.reporters.JUnitReportReporter -->
<testsuite hostname="newt-1765" name="test.ElectronicsComparisonTest" tests="3" failures="0" timestamp="3 May 2016 17:54:01 GMT" time="681.714" errors="0">
  <testcase name="selectSuitableDevices" time="201.892" classname="test.ElectronicsComparisonTest"/>
  <testcase name="selectSuitableDevices" time="229.670" classname="test.ElectronicsComparisonTest"/>
  <testcase name="selectSuitableDevices" time="250.152" classname="test.ElectronicsComparisonTest"/>
</testsuite> <!-- test.ElectronicsComparisonTest -->
