<?xml version="1.0" encoding="UTF-8"?>
<!-- Generated by org.testng.reporters.JUnitReportReporter -->
<testsuite hostname="newt-1765" name="test.StockExchangeTest" tests="3" failures="0" timestamp="2 Jun 2016 05:22:38 GMT" time="458.932" errors="1">
  <testcase name="selectSuitableDevices" time="136.955" classname="test.StockExchangeTest"/>
  <testcase name="selectSuitableDevices" time="145.651" classname="test.StockExchangeTest"/>
  <testcase name="selectSuitableDevices" time="176.326" classname="test.StockExchangeTest">
    <error type="java.lang.Exception" message="Error occured on waiting for the element to appear  - org.openqa.selenium.TimeoutException: Timed out after 40 seconds waiting for visibility of element located by By.xpath: //div[contains(text(),&#039;EPS&#039;)]/../../td[@class=&#039;value&#039;]/div
Build info: version: &#039;2.48.2&#039;, revision: &#039;41bccdd10cf2c0560f637404c2d96164b67d9d67&#039;, time: &#039;2015-10-09 13:08:06&#039;
System info: host: &#039;newt-1765&#039;, ip: &#039;169.254.7.160&#039;, os.name: &#039;Windows 7&#039;, os.arch: &#039;amd64&#039;, os.version: &#039;6.1&#039;, java.version: &#039;1.8.0_73&#039;
Driver info: io.appium.java_client.ios.IOSDriver
Capabilities [{windTunnelPersona=Georgia, rotatable=true, eclipseExecutionId=demo@newtglobal.com_Eclipse_16-06-02_05_14_32_38693, entityType=remote_web_driver, serverConnector=, deviceName=A7302271E86090808BEB998BA2639AB18C5773A4, platform=ANY, executionId=demo@newtglobal.com_RemoteWebDriver_16-06-02_05_17_38_38702, password=, webdriver.remote.sessionid=b2cb9a83-e51b-4d6d-85d6-471cdb0c8044, platformVersion=9.3, automationName=appium, host=partners.perfectomobile.com, singleTestReportUrl=https://partners.perfectomobile.com/nexperience/singletest/report/?reportRepositoryKey=PRIVATE:RemoteWebDriver/RemoteWebDriver_16-06-02_05_17_38_38702.xml&amp;ownerId=demo@newtglobal.com&amp;sharingCode=c35a7136-e753-4ffd-b7b0-1bbbe3f40eac, locationContextEnabled=true, scriptName=RemoteWebDriver, takesScreenshot=true, model=iPhone-6 Plus, javascriptEnabled=true, reportKey=PRIVATE:RemoteWebDriver/RemoteWebDriver_16-06-02_05_17_38_38702.xml, platformName=iOS, windTunnelReportUrl=https://partners.perfectomobile.com/nexperience/singletest/report/?reportRepositoryKey=PRIVATE:RemoteWebDriver/RemoteWebDriver_16-06-02_05_17_38_38702.xml&amp;ownerId=demo@newtglobal.com&amp;sharingCode=c35a7136-e753-4ffd-b7b0-1bbbe3f40eac, user=, cssSelectorsEnabled=true}]
Session ID: b2cb9a83-e51b-4d6d-85d6-471cdb0c8044">
      <![CDATA[java.lang.Exception: Error occured on waiting for the element to appear  - org.openqa.selenium.TimeoutException: Timed out after 40 seconds waiting for visibility of element located by By.xpath: //div[contains(text(),'EPS')]/../../td[@class='value']/div
Build info: version: '2.48.2', revision: '41bccdd10cf2c0560f637404c2d96164b67d9d67', time: '2015-10-09 13:08:06'
System info: host: 'newt-1765', ip: '169.254.7.160', os.name: 'Windows 7', os.arch: 'amd64', os.version: '6.1', java.version: '1.8.0_73'
Driver info: io.appium.java_client.ios.IOSDriver
Capabilities [{windTunnelPersona=Georgia, rotatable=true, eclipseExecutionId=demo@newtglobal.com_Eclipse_16-06-02_05_14_32_38693, entityType=remote_web_driver, serverConnector=, deviceName=A7302271E86090808BEB998BA2639AB18C5773A4, platform=ANY, executionId=demo@newtglobal.com_RemoteWebDriver_16-06-02_05_17_38_38702, password=, webdriver.remote.sessionid=b2cb9a83-e51b-4d6d-85d6-471cdb0c8044, platformVersion=9.3, automationName=appium, host=partners.perfectomobile.com, singleTestReportUrl=https://partners.perfectomobile.com/nexperience/singletest/report/?reportRepositoryKey=PRIVATE:RemoteWebDriver/RemoteWebDriver_16-06-02_05_17_38_38702.xml&ownerId=demo@newtglobal.com&sharingCode=c35a7136-e753-4ffd-b7b0-1bbbe3f40eac, locationContextEnabled=true, scriptName=RemoteWebDriver, takesScreenshot=true, model=iPhone-6 Plus, javascriptEnabled=true, reportKey=PRIVATE:RemoteWebDriver/RemoteWebDriver_16-06-02_05_17_38_38702.xml, platformName=iOS, windTunnelReportUrl=https://partners.perfectomobile.com/nexperience/singletest/report/?reportRepositoryKey=PRIVATE:RemoteWebDriver/RemoteWebDriver_16-06-02_05_17_38_38702.xml&ownerId=demo@newtglobal.com&sharingCode=c35a7136-e753-4ffd-b7b0-1bbbe3f40eac, user=, cssSelectorsEnabled=true}]
Session ID: b2cb9a83-e51b-4d6d-85d6-471cdb0c8044
	at utils.Utilities.waitForElement(Utilities.java:78)
	at pageObjects.StockInfoDisplayPageObject.getEPSStockPrice(StockInfoDisplayPageObject.java:96)
	at test.StockExchangeTest.selectSuitableDevices(StockExchangeTest.java:83)
	at sun.reflect.NativeMethodAccessorImpl.invoke0(Native Method)
	at sun.reflect.NativeMethodAccessorImpl.invoke(NativeMethodAccessorImpl.java:62)
	at sun.reflect.DelegatingMethodAccessorImpl.invoke(DelegatingMethodAccessorImpl.java:43)
	at java.lang.reflect.Method.invoke(Method.java:497)
	at org.testng.internal.MethodInvocationHelper.invokeMethod(MethodInvocationHelper.java:86)
	at org.testng.internal.Invoker.invokeMethod(Invoker.java:646)
	at org.testng.internal.Invoker.invokeTestMethod(Invoker.java:823)
	at org.testng.internal.Invoker.invokeTestMethods(Invoker.java:1131)
	at org.testng.internal.TestMethodWorker.invokeTestMethods(TestMethodWorker.java:129)
	at org.testng.internal.TestMethodWorker.run(TestMethodWorker.java:112)
	at org.testng.TestRunner.privateRun(TestRunner.java:778)
	at org.testng.TestRunner.run(TestRunner.java:632)
	at org.testng.SuiteRunner.runTest(SuiteRunner.java:366)
	at org.testng.SuiteRunner.runSequentially(SuiteRunner.java:361)
	at org.testng.SuiteRunner.privateRun(SuiteRunner.java:319)
	at org.testng.SuiteRunner.run(SuiteRunner.java:268)
	at org.testng.SuiteRunnerWorker.runSuite(SuiteRunnerWorker.java:52)
	at org.testng.SuiteRunnerWorker.run(SuiteRunnerWorker.java:86)
	at org.testng.TestNG.runSuitesSequentially(TestNG.java:1225)
	at org.testng.TestNG.runSuitesLocally(TestNG.java:1150)
	at org.testng.TestNG.runSuites(TestNG.java:1075)
	at org.testng.TestNG.run(TestNG.java:1047)
	at org.testng.remote.AbstractRemoteTestNG.run(AbstractRemoteTestNG.java:126)
	at org.testng.remote.RemoteTestNG.initAndRun(RemoteTestNG.java:137)
	at org.testng.remote.RemoteTestNG.main(RemoteTestNG.java:58)
]]>
    </error>
  </testcase> <!-- selectSuitableDevices -->
</testsuite> <!-- test.StockExchangeTest -->
